0 info it worked if it ends with ok
1 verbose cli [ 'C:\\Program Files\\nodejs\\\\node.exe',
1 verbose cli   'C:\\Program Files\\nodejs\\node_modules\\npm\\bin\\npm-cli.js',
1 verbose cli   'install',
1 verbose cli   '-g',
1 verbose cli   'httpchai' ]
2 info using npm@1.4.28
3 info using node@v0.10.33
4 verbose node symlink C:\Program Files\nodejs\\node.exe
5 verbose cache add [ 'httpchai', null ]
6 verbose cache add name=undefined spec="httpchai" args=["httpchai",null]
7 verbose parsed url { protocol: null,
7 verbose parsed url   slashes: null,
7 verbose parsed url   auth: null,
7 verbose parsed url   host: null,
7 verbose parsed url   port: null,
7 verbose parsed url   hostname: null,
7 verbose parsed url   hash: null,
7 verbose parsed url   search: null,
7 verbose parsed url   query: null,
7 verbose parsed url   pathname: 'httpchai',
7 verbose parsed url   path: 'httpchai',
7 verbose parsed url   href: 'httpchai' }
8 silly lockFile 5e2e9100-httpchai httpchai
9 verbose lock httpchai C:\Users\abc\AppData\Roaming\npm-cache\5e2e9100-httpchai.lock
10 silly lockFile 5e2e9100-httpchai httpchai
11 silly lockFile 5e2e9100-httpchai httpchai
12 verbose addNamed [ 'httpchai', '' ]
13 verbose addNamed [ null, '*' ]
14 silly lockFile e5d98d9c-httpchai httpchai@
15 verbose lock httpchai@ C:\Users\abc\AppData\Roaming\npm-cache\e5d98d9c-httpchai.lock
16 silly addNameRange { name: 'httpchai', range: '*', hasData: false }
17 verbose request where is /httpchai
18 verbose request registry https://registry.npmjs.org/
19 verbose request id 2bb285f38756257d
20 verbose url raw /httpchai
21 verbose url resolving [ 'https://registry.npmjs.org/', './httpchai' ]
22 verbose url resolved https://registry.npmjs.org/httpchai
23 verbose request where is https://registry.npmjs.org/httpchai
24 info trying registry request attempt 1 at 21:42:42
25 http GET https://registry.npmjs.org/httpchai
26 http 404 https://registry.npmjs.org/httpchai
27 verbose headers { date: 'Thu, 26 Feb 2015 16:12:45 GMT',
27 verbose headers   server: 'CouchDB/1.6.1 (Erlang OTP/R14B04)',
27 verbose headers   'content-type': 'application/json',
27 verbose headers   'cache-control': 'max-age=0',
27 verbose headers   'content-length': '52',
27 verbose headers   'accept-ranges': 'bytes',
27 verbose headers   via: '1.1 varnish',
27 verbose headers   age: '0',
27 verbose headers   'x-served-by': 'cache-lax1432-LAX',
27 verbose headers   'x-cache': 'MISS',
27 verbose headers   'x-cache-hits': '0',
27 verbose headers   'x-timer': 'S1424967165.537232,VS0,VE95',
27 verbose headers   'keep-alive': 'timeout=10, max=50',
27 verbose headers   connection: 'Keep-Alive' }
28 silly registry.get cb [ 404,
28 silly registry.get   { date: 'Thu, 26 Feb 2015 16:12:45 GMT',
28 silly registry.get     server: 'CouchDB/1.6.1 (Erlang OTP/R14B04)',
28 silly registry.get     'content-type': 'application/json',
28 silly registry.get     'cache-control': 'max-age=0',
28 silly registry.get     'content-length': '52',
28 silly registry.get     'accept-ranges': 'bytes',
28 silly registry.get     via: '1.1 varnish',
28 silly registry.get     age: '0',
28 silly registry.get     'x-served-by': 'cache-lax1432-LAX',
28 silly registry.get     'x-cache': 'MISS',
28 silly registry.get     'x-cache-hits': '0',
28 silly registry.get     'x-timer': 'S1424967165.537232,VS0,VE95',
28 silly registry.get     'keep-alive': 'timeout=10, max=50',
28 silly registry.get     connection: 'Keep-Alive' } ]
29 silly lockFile e5d98d9c-httpchai httpchai@
30 silly lockFile e5d98d9c-httpchai httpchai@
31 error 404 404 Not Found: httpchai
31 error 404
31 error 404 'httpchai' is not in the npm registry.
31 error 404 You should bug the author to publish it
31 error 404
31 error 404 Note that you can also install from a
31 error 404 tarball, folder, or http url, or git url.
32 error System Windows_NT 6.1.7600
33 error command "C:\\Program Files\\nodejs\\\\node.exe" "C:\\Program Files\\nodejs\\node_modules\\npm\\bin\\npm-cli.js" "install" "-g" "httpchai"
34 error cwd E:\NodeJS\userProfile\userProfileApp
35 error node -v v0.10.33
36 error npm -v 1.4.28
37 error code E404
38 verbose exit [ 1, true ]
